# JRE version: Java(TM) SE Runtime Environment (19.0.1+10) (build 19.0.1+10-21)
# Java VM: Java HotSpot(TM) 64-Bit Server VM (19.0.1+10-21, mixed mode, emulated-client, sharing, tiered, compressed oops, compressed class ptrs, g1 gc, windows-amd64)
GC Precious Log:
 CardTable entry size: 512
 Card Set container configuration: InlinePtr #cards 4 size 8 Array Of Cards #cards 16 size 48 Howl #buckets 8 coarsen threshold 3686 Howl Bitmap #cards 512 size 80 coarsen threshold 460 Card regions per heap region 1 cards per card region 4096
 CPUs: 8 total, 8 available
 Memory: 16107M
 Large Page Support: Disabled
 NUMA Support: Disabled
 Compressed Oops: Enabled (Zero based)
 Heap Region Size: 2M
 Heap Min Capacity: 8M
 Heap Initial Capacity: 252M
 Heap Max Capacity: 4028M
 Pre-touch: Disabled
 Parallel Workers: 8
 Concurrent Workers: 2
 Concurrent Refinement Workers: 8
 Periodic GC: Disabled
Heap:
 garbage-first heap   total 90112K, used 35672K [0x0000000704400000, 0x0000000800000000)
  region size 2048K, 10 young (20480K), 2 survivors (4096K)
 Metaspace       used 36842K, committed 37568K, reserved 1114112K
  class space    used 5031K, committed 5376K, reserved 1048576K
GC Heap History (19 events):
Event: 1.274 GC heap before
{Heap before GC invocations=0 (full 0):
 garbage-first heap   total 258048K, used 22528K [0x0000000704400000, 0x0000000800000000)
  region size 2048K, 11 young (22528K), 0 survivors (0K)
 Metaspace       used 6814K, committed 7040K, reserved 1114112K
  class space    used 801K, committed 896K, reserved 1048576K
}
Event: 1.280 GC heap after
{Heap after GC invocations=1 (full 0):
 garbage-first heap   total 258048K, used 6768K [0x0000000704400000, 0x0000000800000000)
  region size 2048K, 2 young (4096K), 2 survivors (4096K)
 Metaspace       used 6814K, committed 7040K, reserved 1114112K
  class space    used 801K, committed 896K, reserved 1048576K
}
Event: 1.952 GC heap before
{Heap before GC invocations=1 (full 0):
 garbage-first heap   total 258048K, used 29296K [0x0000000704400000, 0x0000000800000000)
  region size 2048K, 14 young (28672K), 2 survivors (4096K)
 Metaspace       used 11287K, committed 11648K, reserved 1114112K
  class space    used 1474K, committed 1664K, reserved 1048576K
}
Event: 1.956 GC heap after
{Heap after GC invocations=2 (full 0):
 garbage-first heap   total 258048K, used 8795K [0x0000000704400000, 0x0000000800000000)
  region size 2048K, 1 young (2048K), 1 survivors (2048K)
 Metaspace       used 11287K, committed 11648K, reserved 1114112K
  class space    used 1474K, committed 1664K, reserved 1048576K
}
Event: 3.050 GC heap before
{Heap before GC invocations=2 (full 0):
 garbage-first heap   total 258048K, used 66139K [0x0000000704400000, 0x0000000800000000)
  region size 2048K, 31 young (63488K), 1 survivors (2048K)
 Metaspace       used 21201K, committed 21504K, reserved 1114112K
  class space    used 2712K, committed 2880K, reserved 1048576K
}
Event: 3.055 GC heap after
{Heap after GC invocations=3 (full 0):
 garbage-first heap   total 258048K, used 12803K [0x0000000704400000, 0x0000000800000000)
  region size 2048K, 3 young (6144K), 3 survivors (6144K)
 Metaspace       used 21201K, committed 21504K, reserved 1114112K
  class space    used 2712K, committed 2880K, reserved 1048576K
}
Event: 3.616 GC heap before
{Heap before GC invocations=4 (full 0):
 garbage-first heap   total 55296K, used 39427K [0x0000000704400000, 0x0000000800000000)
  region size 2048K, 16 young (32768K), 3 survivors (6144K)
 Metaspace       used 25567K, committed 25984K, reserved 1114112K
  class space    used 3318K, committed 3520K, reserved 1048576K
}
Event: 3.622 GC heap after
{Heap after GC invocations=5 (full 0):
 garbage-first heap   total 55296K, used 14871K [0x0000000704400000, 0x0000000800000000)
  region size 2048K, 2 young (4096K), 2 survivors (4096K)
 Metaspace       used 25567K, committed 25984K, reserved 1114112K
  class space    used 3318K, committed 3520K, reserved 1048576K
}
Event: 3.662 GC heap before
{Heap before GC invocations=5 (full 0):
 garbage-first heap   total 55296K, used 16919K [0x0000000704400000, 0x0000000800000000)
  region size 2048K, 3 young (6144K), 2 survivors (4096K)
 Metaspace       used 25779K, committed 26240K, reserved 1114112K
  class space    used 3359K, committed 3584K, reserved 1048576K
}
Event: 3.665 GC heap after
{Heap after GC invocations=6 (full 0):
 garbage-first heap   total 55296K, used 15147K [0x0000000704400000, 0x0000000800000000)
  region size 2048K, 1 young (2048K), 1 survivors (2048K)
 Metaspace       used 25779K, committed 26240K, reserved 1114112K
  class space    used 3359K, committed 3584K, reserved 1048576K
}
Event: 4.065 GC heap before
{Heap before GC invocations=6 (full 0):
 garbage-first heap   total 55296K, used 31531K [0x0000000704400000, 0x0000000800000000)
  region size 2048K, 10 young (20480K), 1 survivors (2048K)
 Metaspace       used 28647K, committed 29120K, reserved 1114112K
  class space    used 3735K, committed 3968K, reserved 1048576K
}
Event: 4.068 GC heap after
{Heap after GC invocations=7 (full 0):
 garbage-first heap   total 55296K, used 16690K [0x0000000704400000, 0x0000000800000000)
  region size 2048K, 2 young (4096K), 2 survivors (4096K)
 Metaspace       used 28647K, committed 29120K, reserved 1114112K
  class space    used 3735K, committed 3968K, reserved 1048576K
}
Event: 4.495 GC heap before
{Heap before GC invocations=7 (full 0):
 garbage-first heap   total 55296K, used 35122K [0x0000000704400000, 0x0000000800000000)
  region size 2048K, 11 young (22528K), 2 survivors (4096K)
 Metaspace       used 31307K, committed 31872K, reserved 1114112K
  class space    used 4208K, committed 4480K, reserved 1048576K
}
Event: 4.499 GC heap after
{Heap after GC invocations=8 (full 0):
 garbage-first heap   total 55296K, used 18573K [0x0000000704400000, 0x0000000800000000)
  region size 2048K, 2 young (4096K), 2 survivors (4096K)
 Metaspace       used 31307K, committed 31872K, reserved 1114112K
  class space    used 4208K, committed 4480K, reserved 1048576K
}
Event: 4.976 GC heap before
{Heap before GC invocations=8 (full 0):
 garbage-first heap   total 55296K, used 37005K [0x0000000704400000, 0x0000000800000000)
  region size 2048K, 11 young (22528K), 2 survivors (4096K)
 Metaspace       used 34621K, committed 35264K, reserved 1114112K
  class space    used 4705K, committed 4992K, reserved 1048576K
}
Event: 4.981 GC heap after
{Heap after GC invocations=9 (full 0):
 garbage-first heap   total 55296K, used 20631K [0x0000000704400000, 0x0000000800000000)
  region size 2048K, 2 young (4096K), 2 survivors (4096K)
 Metaspace       used 34621K, committed 35264K, reserved 1114112K
  class space    used 4705K, committed 4992K, reserved 1048576K
}
Event: 5.122 GC heap before
{Heap before GC invocations=9 (full 0):
 garbage-first heap   total 55296K, used 24727K [0x0000000704400000, 0x0000000800000000)
  region size 2048K, 5 young (10240K), 2 survivors (4096K)
 Metaspace       used 35356K, committed 35968K, reserved 1114112K
  class space    used 4814K, committed 5120K, reserved 1048576K
}
Event: 5.126 GC heap after
{Heap after GC invocations=10 (full 0):
 garbage-first heap   total 157696K, used 21336K [0x0000000704400000, 0x0000000800000000)
  region size 2048K, 2 young (4096K), 2 survivors (4096K)
 Metaspace       used 35356K, committed 35968K, reserved 1114112K
  class space    used 4814K, committed 5120K, reserved 1048576K
}
Event: 106.986 GC heap before
{Heap before GC invocations=11 (full 0):
 garbage-first heap   total 90112K, used 35672K [0x0000000704400000, 0x0000000800000000)
  region size 2048K, 10 young (20480K), 2 survivors (4096K)
 Metaspace       used 36842K, committed 37568K, reserved 1114112K
  class space    used 5031K, committed 5376K, reserved 1048576K
}

